{"C:\\gb\\gb_vue\\gb_vue_project\\.eslintrc.js": {"path":"C:\\gb\\gb_vue\\gb_vue_project\\.eslintrc.js","statementMap":{"0":{"start":{"line":1,"column":0},"end":{"line":17,"column":1}}},"fnMap":{},"branchMap":{"0":{"loc":{"start":{"line":14,"column":18},"end":{"line":14,"column":72}},"type":"cond-expr","locations":[{"start":{"line":14,"column":58},"end":{"line":14,"column":64}},{"start":{"line":14,"column":67},"end":{"line":14,"column":72}}],"line":14},"1":{"loc":{"start":{"line":15,"column":19},"end":{"line":15,"column":73}},"type":"cond-expr","locations":[{"start":{"line":15,"column":59},"end":{"line":15,"column":65}},{"start":{"line":15,"column":68},"end":{"line":15,"column":73}}],"line":15}},"s":{"0":0},"f":{},"b":{"0":[0,0],"1":[0,0]}}
,"C:\\gb\\gb_vue\\gb_vue_project\\babel.config.js": {"path":"C:\\gb\\gb_vue\\gb_vue_project\\babel.config.js","statementMap":{"0":{"start":{"line":1,"column":0},"end":{"line":5,"column":1}}},"fnMap":{},"branchMap":{},"s":{"0":0},"f":{},"b":{}}
,"C:\\gb\\gb_vue\\gb_vue_project\\src\\App.vue": {"path":"C:\\gb\\gb_vue\\gb_vue_project\\src\\App.vue","statementMap":{"0":{"start":{"line":24,"column":0},"end":{"line":24,"column":null}},"1":{"start":{"line":27,"column":0},"end":{"line":27,"column":null}},"2":{"start":{"line":34,"column":0},"end":{"line":34,"column":null}},"3":{"start":{"line":35,"column":0},"end":{"line":35,"column":null}},"4":{"start":{"line":38,"column":0},"end":{"line":38,"column":null}},"5":{"start":{"line":39,"column":0},"end":{"line":39,"column":null}},"6":{"start":{"line":44,"column":0},"end":{"line":44,"column":null}},"7":{"start":{"line":45,"column":0},"end":{"line":45,"column":null}},"8":{"start":{"line":48,"column":0},"end":{"line":48,"column":null}},"9":{"start":{"line":49,"column":0},"end":{"line":49,"column":null}}},"fnMap":{"0":{"name":"(anonymous_1)","decl":{"start":{"line":24,"column":0},"end":{"line":24,"column":null}},"loc":{"start":{"line":24,"column":0},"end":{"line":24,"column":null}}},"1":{"name":"(anonymous_3)","decl":{"start":{"line":26,"column":0},"end":{"line":26,"column":null}},"loc":{"start":{"line":26,"column":0},"end":{"line":31,"column":null}}},"2":{"name":"(anonymous_4)","decl":{"start":{"line":33,"column":0},"end":{"line":33,"column":null}},"loc":{"start":{"line":33,"column":0},"end":{"line":36,"column":null}}},"3":{"name":"(anonymous_5)","decl":{"start":{"line":37,"column":0},"end":{"line":37,"column":null}},"loc":{"start":{"line":37,"column":0},"end":{"line":40,"column":null}}},"4":{"name":"(anonymous_6)","decl":{"start":{"line":43,"column":0},"end":{"line":43,"column":null}},"loc":{"start":{"line":43,"column":0},"end":{"line":46,"column":null}}},"5":{"name":"(anonymous_7)","decl":{"start":{"line":47,"column":0},"end":{"line":47,"column":null}},"loc":{"start":{"line":47,"column":0},"end":{"line":50,"column":null}}}},"branchMap":{},"s":{"0":0,"1":0,"2":0,"3":0,"4":0,"5":0,"6":0,"7":0,"8":0,"9":0},"f":{"0":0,"1":0,"2":0,"3":0,"4":0,"5":0},"b":{}}
,"C:\\gb\\gb_vue\\gb_vue_project\\src\\main.js": {"path":"C:\\gb\\gb_vue\\gb_vue_project\\src\\main.js","statementMap":{"0":{"start":{"line":8,"column":0},"end":{"line":8,"column":32}},"1":{"start":{"line":10,"column":0},"end":{"line":10,"column":15}},"2":{"start":{"line":11,"column":0},"end":{"line":11,"column":14}},"3":{"start":{"line":13,"column":0},"end":{"line":17,"column":17}},"4":{"start":{"line":14,"column":15},"end":{"line":14,"column":21}}},"fnMap":{"0":{"name":"(anonymous_0)","decl":{"start":{"line":14,"column":10},"end":{"line":14,"column":11}},"loc":{"start":{"line":14,"column":15},"end":{"line":14,"column":21}},"line":14}},"branchMap":{},"s":{"0":0,"1":0,"2":0,"3":0,"4":0},"f":{"0":0},"b":{}}
,"C:\\gb\\gb_vue\\gb_vue_project\\src\\components\\AddCategorie.vue": {"path":"C:\\gb\\gb_vue\\gb_vue_project\\src\\components\\AddCategorie.vue","statementMap":{"0":{"start":{"line":16,"column":0},"end":{"line":16,"column":null}},"1":{"start":{"line":22,"column":0},"end":{"line":22,"column":null}},"2":{"start":{"line":25,"column":0},"end":{"line":25,"column":null}}},"fnMap":{"0":{"name":"(anonymous_1)","decl":{"start":{"line":15,"column":0},"end":{"line":15,"column":null}},"loc":{"start":{"line":15,"column":0},"end":{"line":19,"column":null}}},"1":{"name":"(anonymous_2)","decl":{"start":{"line":21,"column":0},"end":{"line":21,"column":null}},"loc":{"start":{"line":21,"column":0},"end":{"line":26,"column":null}}}},"branchMap":{},"s":{"0":0,"1":0,"2":0},"f":{"0":0,"1":0},"b":{}}
,"C:\\gb\\gb_vue\\gb_vue_project\\src\\components\\AddPaymentForm.vue": {"path":"C:\\gb\\gb_vue\\gb_vue_project\\src\\components\\AddPaymentForm.vue","statementMap":{"0":{"start":{"line":17,"column":0},"end":{"line":17,"column":null}},"1":{"start":{"line":25,"column":0},"end":{"line":25,"column":null}},"2":{"start":{"line":31,"column":0},"end":{"line":31,"column":null}},"3":{"start":{"line":36,"column":0},"end":{"line":36,"column":null}},"4":{"start":{"line":37,"column":0},"end":{"line":37,"column":null}},"5":{"start":{"line":38,"column":0},"end":{"line":38,"column":null}},"6":{"start":{"line":39,"column":0},"end":{"line":39,"column":null}},"7":{"start":{"line":40,"column":0},"end":{"line":40,"column":null}},"8":{"start":{"line":43,"column":0},"end":{"line":43,"column":null}},"9":{"start":{"line":47,"column":0},"end":{"line":47,"column":null}},"10":{"start":{"line":48,"column":0},"end":{"line":48,"column":null}},"11":{"start":{"line":49,"column":0},"end":{"line":56,"column":null}},"12":{"start":{"line":50,"column":0},"end":{"line":50,"column":null}},"13":{"start":{"line":51,"column":0},"end":{"line":51,"column":null}},"14":{"start":{"line":52,"column":0},"end":{"line":52,"column":null}},"15":{"start":{"line":54,"column":0},"end":{"line":54,"column":null}},"16":{"start":{"line":55,"column":0},"end":{"line":55,"column":null}}},"fnMap":{"0":{"name":"(anonymous_1)","decl":{"start":{"line":16,"column":0},"end":{"line":16,"column":null}},"loc":{"start":{"line":16,"column":0},"end":{"line":22,"column":null}}},"1":{"name":"(anonymous_2)","decl":{"start":{"line":24,"column":0},"end":{"line":24,"column":null}},"loc":{"start":{"line":24,"column":0},"end":{"line":32,"column":null}}},"2":{"name":"(anonymous_3)","decl":{"start":{"line":35,"column":0},"end":{"line":35,"column":null}},"loc":{"start":{"line":35,"column":0},"end":{"line":41,"column":null}}},"3":{"name":"(anonymous_4)","decl":{"start":{"line":42,"column":0},"end":{"line":42,"column":null}},"loc":{"start":{"line":42,"column":0},"end":{"line":44,"column":null}}},"4":{"name":"(anonymous_5)","decl":{"start":{"line":46,"column":0},"end":{"line":46,"column":null}},"loc":{"start":{"line":46,"column":0},"end":{"line":57,"column":null}}}},"branchMap":{"0":{"loc":{"start":{"line":26,"column":0},"end":{"line":26,"column":null}},"type":"binary-expr","locations":[{"start":{"line":26,"column":0},"end":{"line":26,"column":null}},{"start":{"line":26,"column":0},"end":{"line":26,"column":null}}]},"1":{"loc":{"start":{"line":49,"column":0},"end":{"line":56,"column":null}},"type":"if","locations":[{"start":{"line":49,"column":0},"end":{"line":56,"column":null}},{"start":{"line":49,"column":0},"end":{"line":56,"column":null}}]},"2":{"loc":{"start":{"line":49,"column":0},"end":{"line":49,"column":null}},"type":"binary-expr","locations":[{"start":{"line":49,"column":0},"end":{"line":49,"column":null}},{"start":{"line":49,"column":0},"end":{"line":49,"column":null}}]}},"s":{"0":0,"1":0,"2":0,"3":0,"4":0,"5":0,"6":0,"7":0,"8":0,"9":0,"10":0,"11":0,"12":0,"13":0,"14":0,"15":0,"16":0},"f":{"0":0,"1":0,"2":0,"3":0,"4":0},"b":{"0":[0,0],"1":[0,0],"2":[0,0]}}
,"C:\\gb\\gb_vue\\gb_vue_project\\src\\components\\Button.vue": {"path":"C:\\gb\\gb_vue\\gb_vue_project\\src\\components\\Button.vue","statementMap":{"0":{"start":{"line":11,"column":0},"end":{"line":11,"column":null}}},"fnMap":{"0":{"name":"(anonymous_1)","decl":{"start":{"line":10,"column":0},"end":{"line":10,"column":null}},"loc":{"start":{"line":10,"column":0},"end":{"line":12,"column":null}}}},"branchMap":{},"s":{"0":0},"f":{"0":0},"b":{}}
,"C:\\gb\\gb_vue\\gb_vue_project\\src\\components\\Editor.vue": {"path":"C:\\gb\\gb_vue\\gb_vue_project\\src\\components\\Editor.vue","statementMap":{"0":{"start":{"line":29,"column":0},"end":{"line":29,"column":null}},"1":{"start":{"line":39,"column":0},"end":{"line":39,"column":null}},"2":{"start":{"line":42,"column":0},"end":{"line":42,"column":null}},"3":{"start":{"line":45,"column":0},"end":{"line":45,"column":null}},"4":{"start":{"line":51,"column":0},"end":{"line":51,"column":null}},"5":{"start":{"line":52,"column":0},"end":{"line":52,"column":null}},"6":{"start":{"line":57,"column":0},"end":{"line":57,"column":null}},"7":{"start":{"line":58,"column":0},"end":{"line":58,"column":null}},"8":{"start":{"line":59,"column":0},"end":{"line":59,"column":null}},"9":{"start":{"line":60,"column":0},"end":{"line":60,"column":null}},"10":{"start":{"line":61,"column":0},"end":{"line":61,"column":null}},"11":{"start":{"line":64,"column":0},"end":{"line":64,"column":null}},"12":{"start":{"line":68,"column":0},"end":{"line":68,"column":null}},"13":{"start":{"line":69,"column":0},"end":{"line":69,"column":null}},"14":{"start":{"line":70,"column":0},"end":{"line":70,"column":null}},"15":{"start":{"line":71,"column":0},"end":{"line":71,"column":null}}},"fnMap":{"0":{"name":"(anonymous_1)","decl":{"start":{"line":28,"column":0},"end":{"line":28,"column":null}},"loc":{"start":{"line":28,"column":0},"end":{"line":36,"column":null}}},"1":{"name":"(anonymous_2)","decl":{"start":{"line":38,"column":0},"end":{"line":38,"column":null}},"loc":{"start":{"line":38,"column":0},"end":{"line":40,"column":null}}},"2":{"name":"(anonymous_3)","decl":{"start":{"line":41,"column":0},"end":{"line":41,"column":null}},"loc":{"start":{"line":41,"column":0},"end":{"line":43,"column":null}}},"3":{"name":"(anonymous_4)","decl":{"start":{"line":44,"column":0},"end":{"line":44,"column":null}},"loc":{"start":{"line":44,"column":0},"end":{"line":53,"column":null}}},"4":{"name":"(anonymous_5)","decl":{"start":{"line":56,"column":0},"end":{"line":56,"column":null}},"loc":{"start":{"line":56,"column":0},"end":{"line":62,"column":null}}},"5":{"name":"(anonymous_6)","decl":{"start":{"line":63,"column":0},"end":{"line":63,"column":null}},"loc":{"start":{"line":63,"column":0},"end":{"line":65,"column":null}}},"6":{"name":"(anonymous_7)","decl":{"start":{"line":67,"column":0},"end":{"line":67,"column":null}},"loc":{"start":{"line":67,"column":0},"end":{"line":72,"column":null}}}},"branchMap":{"0":{"loc":{"start":{"line":46,"column":0},"end":{"line":46,"column":null}},"type":"binary-expr","locations":[{"start":{"line":46,"column":0},"end":{"line":46,"column":null}},{"start":{"line":46,"column":0},"end":{"line":46,"column":null}}]}},"s":{"0":0,"1":0,"2":0,"3":0,"4":0,"5":0,"6":0,"7":0,"8":0,"9":0,"10":0,"11":0,"12":0,"13":0,"14":0,"15":0},"f":{"0":0,"1":0,"2":0,"3":0,"4":0,"5":0,"6":0},"b":{"0":[0,0]}}
,"C:\\gb\\gb_vue\\gb_vue_project\\src\\components\\ModalWindow.vue": {"path":"C:\\gb\\gb_vue\\gb_vue_project\\src\\components\\ModalWindow.vue","statementMap":{"0":{"start":{"line":14,"column":0},"end":{"line":14,"column":null}},"1":{"start":{"line":15,"column":0},"end":{"line":15,"column":null}},"2":{"start":{"line":16,"column":0},"end":{"line":16,"column":null}}},"fnMap":{},"branchMap":{},"s":{"0":0,"1":0,"2":0},"f":{},"b":{}}
,"C:\\gb\\gb_vue\\gb_vue_project\\src\\components\\Pagination.vue": {"path":"C:\\gb\\gb_vue\\gb_vue_project\\src\\components\\Pagination.vue","statementMap":{"0":{"start":{"line":28,"column":0},"end":{"line":28,"column":null}},"1":{"start":{"line":33,"column":0},"end":{"line":35,"column":null}},"2":{"start":{"line":34,"column":0},"end":{"line":34,"column":null}},"3":{"start":{"line":36,"column":0},"end":{"line":36,"column":null}}},"fnMap":{"0":{"name":"(anonymous_1)","decl":{"start":{"line":27,"column":0},"end":{"line":27,"column":null}},"loc":{"start":{"line":27,"column":0},"end":{"line":29,"column":null}}},"1":{"name":"(anonymous_2)","decl":{"start":{"line":32,"column":0},"end":{"line":32,"column":null}},"loc":{"start":{"line":32,"column":0},"end":{"line":37,"column":null}}}},"branchMap":{"0":{"loc":{"start":{"line":33,"column":0},"end":{"line":35,"column":null}},"type":"if","locations":[{"start":{"line":33,"column":0},"end":{"line":35,"column":null}},{"start":{"line":33,"column":0},"end":{"line":35,"column":null}}]},"1":{"loc":{"start":{"line":33,"column":0},"end":{"line":33,"column":null}},"type":"binary-expr","locations":[{"start":{"line":33,"column":0},"end":{"line":33,"column":null}},{"start":{"line":33,"column":0},"end":{"line":33,"column":null}}]}},"s":{"0":0,"1":0,"2":0,"3":0},"f":{"0":0,"1":0},"b":{"0":[0,0],"1":[0,0]}}
,"C:\\gb\\gb_vue\\gb_vue_project\\src\\components\\PaymentDisplay.vue": {"path":"C:\\gb\\gb_vue\\gb_vue_project\\src\\components\\PaymentDisplay.vue","statementMap":{"0":{"start":{"line":28,"column":0},"end":{"line":28,"column":null}},"1":{"start":{"line":36,"column":0},"end":{"line":36,"column":null}},"2":{"start":{"line":44,"column":0},"end":{"line":44,"column":null}},"3":{"start":{"line":49,"column":0},"end":{"line":49,"column":null}},"4":{"start":{"line":52,"column":0},"end":{"line":52,"column":null}},"5":{"start":{"line":53,"column":0},"end":{"line":53,"column":null}},"6":{"start":{"line":56,"column":0},"end":{"line":56,"column":null}},"7":{"start":{"line":57,"column":0},"end":{"line":57,"column":null}},"8":{"start":{"line":61,"column":0},"end":{"line":61,"column":null}},"9":{"start":{"line":62,"column":0},"end":{"line":62,"column":null}},"10":{"start":{"line":65,"column":0},"end":{"line":65,"column":null}},"11":{"start":{"line":66,"column":0},"end":{"line":66,"column":null}}},"fnMap":{"0":{"name":"(anonymous_1)","decl":{"start":{"line":35,"column":0},"end":{"line":35,"column":null}},"loc":{"start":{"line":35,"column":0},"end":{"line":40,"column":null}}},"1":{"name":"(anonymous_2)","decl":{"start":{"line":44,"column":0},"end":{"line":44,"column":null}},"loc":{"start":{"line":44,"column":0},"end":{"line":44,"column":null}}},"2":{"name":"(anonymous_3)","decl":{"start":{"line":48,"column":0},"end":{"line":48,"column":null}},"loc":{"start":{"line":48,"column":0},"end":{"line":50,"column":null}}},"3":{"name":"(anonymous_4)","decl":{"start":{"line":51,"column":0},"end":{"line":51,"column":null}},"loc":{"start":{"line":51,"column":0},"end":{"line":54,"column":null}}},"4":{"name":"(anonymous_5)","decl":{"start":{"line":55,"column":0},"end":{"line":55,"column":null}},"loc":{"start":{"line":55,"column":0},"end":{"line":58,"column":null}}},"5":{"name":"(anonymous_6)","decl":{"start":{"line":60,"column":0},"end":{"line":60,"column":null}},"loc":{"start":{"line":60,"column":0},"end":{"line":63,"column":null}}},"6":{"name":"(anonymous_7)","decl":{"start":{"line":64,"column":0},"end":{"line":64,"column":null}},"loc":{"start":{"line":64,"column":0},"end":{"line":67,"column":null}}}},"branchMap":{},"s":{"0":0,"1":0,"2":0,"3":0,"4":0,"5":0,"6":0,"7":0,"8":0,"9":0,"10":0,"11":0},"f":{"0":0,"1":0,"2":0,"3":0,"4":0,"5":0,"6":0},"b":{}}
,"C:\\gb\\gb_vue\\gb_vue_project\\src\\pages\\About.vue": {"path":"C:\\gb\\gb_vue\\gb_vue_project\\src\\pages\\About.vue","statementMap":{"0":{"start":{"line":15,"column":0},"end":{"line":15,"column":null}}},"fnMap":{"0":{"name":"(anonymous_1)","decl":{"start":{"line":14,"column":0},"end":{"line":14,"column":null}},"loc":{"start":{"line":14,"column":0},"end":{"line":16,"column":null}}}},"branchMap":{},"s":{"0":0},"f":{"0":0},"b":{}}
,"C:\\gb\\gb_vue\\gb_vue_project\\src\\pages\\Calc.vue": {"path":"C:\\gb\\gb_vue\\gb_vue_project\\src\\pages\\Calc.vue","statementMap":{"0":{"start":{"line":81,"column":0},"end":{"line":81,"column":null}},"1":{"start":{"line":94,"column":0},"end":{"line":94,"column":null}},"2":{"start":{"line":95,"column":0},"end":{"line":95,"column":null}},"3":{"start":{"line":97,"column":0},"end":{"line":97,"column":null}},"4":{"start":{"line":98,"column":0},"end":{"line":98,"column":null}},"5":{"start":{"line":100,"column":0},"end":{"line":100,"column":null}},"6":{"start":{"line":101,"column":0},"end":{"line":101,"column":null}},"7":{"start":{"line":103,"column":0},"end":{"line":103,"column":null}},"8":{"start":{"line":104,"column":0},"end":{"line":104,"column":null}},"9":{"start":{"line":106,"column":0},"end":{"line":106,"column":null}},"10":{"start":{"line":107,"column":0},"end":{"line":107,"column":null}},"11":{"start":{"line":109,"column":0},"end":{"line":109,"column":null}},"12":{"start":{"line":110,"column":0},"end":{"line":110,"column":null}},"13":{"start":{"line":112,"column":0},"end":{"line":112,"column":null}},"14":{"start":{"line":113,"column":0},"end":{"line":113,"column":null}},"15":{"start":{"line":115,"column":0},"end":{"line":115,"column":null}},"16":{"start":{"line":116,"column":0},"end":{"line":116,"column":null}},"17":{"start":{"line":117,"column":0},"end":{"line":117,"column":null}},"18":{"start":{"line":120,"column":0},"end":{"line":120,"column":null}},"19":{"start":{"line":123,"column":0},"end":{"line":123,"column":null}},"20":{"start":{"line":126,"column":0},"end":{"line":126,"column":null}},"21":{"start":{"line":129,"column":0},"end":{"line":133,"column":null}},"22":{"start":{"line":130,"column":0},"end":{"line":130,"column":null}},"23":{"start":{"line":132,"column":0},"end":{"line":132,"column":null}},"24":{"start":{"line":136,"column":0},"end":{"line":136,"column":null}},"25":{"start":{"line":139,"column":0},"end":{"line":139,"column":null}},"26":{"start":{"line":142,"column":0},"end":{"line":146,"column":null}},"27":{"start":{"line":143,"column":0},"end":{"line":143,"column":null}},"28":{"start":{"line":145,"column":0},"end":{"line":145,"column":null}},"29":{"start":{"line":149,"column":0},"end":{"line":153,"column":null}},"30":{"start":{"line":150,"column":0},"end":{"line":150,"column":null}},"31":{"start":{"line":152,"column":0},"end":{"line":152,"column":null}},"32":{"start":{"line":156,"column":0},"end":{"line":156,"column":null}}},"fnMap":{"0":{"name":"(anonymous_1)","decl":{"start":{"line":81,"column":0},"end":{"line":81,"column":null}},"loc":{"start":{"line":81,"column":0},"end":{"line":81,"column":null}}},"1":{"name":"(anonymous_2)","decl":{"start":{"line":93,"column":0},"end":{"line":93,"column":null}},"loc":{"start":{"line":93,"column":0},"end":{"line":118,"column":null}}},"2":{"name":"(anonymous_3)","decl":{"start":{"line":119,"column":0},"end":{"line":119,"column":null}},"loc":{"start":{"line":119,"column":0},"end":{"line":121,"column":null}}},"3":{"name":"(anonymous_4)","decl":{"start":{"line":122,"column":0},"end":{"line":122,"column":null}},"loc":{"start":{"line":122,"column":0},"end":{"line":124,"column":null}}},"4":{"name":"(anonymous_5)","decl":{"start":{"line":125,"column":0},"end":{"line":125,"column":null}},"loc":{"start":{"line":125,"column":0},"end":{"line":127,"column":null}}},"5":{"name":"(anonymous_6)","decl":{"start":{"line":128,"column":0},"end":{"line":128,"column":null}},"loc":{"start":{"line":128,"column":0},"end":{"line":134,"column":null}}},"6":{"name":"(anonymous_7)","decl":{"start":{"line":135,"column":0},"end":{"line":135,"column":null}},"loc":{"start":{"line":135,"column":0},"end":{"line":137,"column":null}}},"7":{"name":"(anonymous_8)","decl":{"start":{"line":138,"column":0},"end":{"line":138,"column":null}},"loc":{"start":{"line":138,"column":0},"end":{"line":140,"column":null}}},"8":{"name":"(anonymous_9)","decl":{"start":{"line":141,"column":0},"end":{"line":141,"column":null}},"loc":{"start":{"line":141,"column":0},"end":{"line":147,"column":null}}},"9":{"name":"(anonymous_10)","decl":{"start":{"line":148,"column":0},"end":{"line":148,"column":null}},"loc":{"start":{"line":148,"column":0},"end":{"line":154,"column":null}}},"10":{"name":"(anonymous_11)","decl":{"start":{"line":155,"column":0},"end":{"line":155,"column":null}},"loc":{"start":{"line":155,"column":0},"end":{"line":157,"column":null}}}},"branchMap":{"0":{"loc":{"start":{"line":96,"column":0},"end":{"line":98,"column":null}},"type":"switch","locations":[{"start":{"line":96,"column":0},"end":{"line":98,"column":null}},{"start":{"line":99,"column":0},"end":{"line":101,"column":null}},{"start":{"line":102,"column":0},"end":{"line":104,"column":null}},{"start":{"line":105,"column":0},"end":{"line":107,"column":null}},{"start":{"line":108,"column":0},"end":{"line":110,"column":null}},{"start":{"line":111,"column":0},"end":{"line":113,"column":null}}]},"1":{"loc":{"start":{"line":129,"column":0},"end":{"line":133,"column":null}},"type":"if","locations":[{"start":{"line":129,"column":0},"end":{"line":133,"column":null}},{"start":{"line":129,"column":0},"end":{"line":133,"column":null}}]},"2":{"loc":{"start":{"line":129,"column":0},"end":{"line":129,"column":null}},"type":"binary-expr","locations":[{"start":{"line":129,"column":0},"end":{"line":129,"column":null}},{"start":{"line":129,"column":0},"end":{"line":129,"column":null}}]},"3":{"loc":{"start":{"line":142,"column":0},"end":{"line":146,"column":null}},"type":"if","locations":[{"start":{"line":142,"column":0},"end":{"line":146,"column":null}},{"start":{"line":142,"column":0},"end":{"line":146,"column":null}}]},"4":{"loc":{"start":{"line":149,"column":0},"end":{"line":153,"column":null}},"type":"if","locations":[{"start":{"line":149,"column":0},"end":{"line":153,"column":null}},{"start":{"line":149,"column":0},"end":{"line":153,"column":null}}]}},"s":{"0":11,"1":6,"2":6,"3":1,"4":1,"5":1,"6":1,"7":1,"8":1,"9":1,"10":1,"11":1,"12":1,"13":1,"14":1,"15":6,"16":6,"17":6,"18":1,"19":1,"20":1,"21":1,"22":0,"23":1,"24":1,"25":1,"26":20,"27":10,"28":10,"29":2,"30":1,"31":1,"32":2},"f":{"0":11,"1":6,"2":1,"3":1,"4":1,"5":1,"6":1,"7":1,"8":20,"9":2,"10":2},"b":{"0":[1,1,1,1,1,1],"1":[0,1],"2":[1,1],"3":[10,10],"4":[1,1]}}
,"C:\\gb\\gb_vue\\gb_vue_project\\src\\pages\\Dashboard.vue": {"path":"C:\\gb\\gb_vue\\gb_vue_project\\src\\pages\\Dashboard.vue","statementMap":{"0":{"start":{"line":26,"column":0},"end":{"line":26,"column":null}},"1":{"start":{"line":27,"column":0},"end":{"line":27,"column":null}},"2":{"start":{"line":28,"column":0},"end":{"line":28,"column":null}},"3":{"start":{"line":37,"column":0},"end":{"line":37,"column":null}},"4":{"start":{"line":54,"column":0},"end":{"line":54,"column":null}},"5":{"start":{"line":57,"column":0},"end":{"line":57,"column":null}},"6":{"start":{"line":60,"column":0},"end":{"line":60,"column":null}},"7":{"start":{"line":69,"column":0},"end":{"line":69,"column":null}},"8":{"start":{"line":72,"column":0},"end":{"line":72,"column":null}},"9":{"start":{"line":73,"column":0},"end":{"line":73,"column":null}},"10":{"start":{"line":78,"column":0},"end":{"line":78,"column":null}},"11":{"start":{"line":79,"column":0},"end":{"line":79,"column":null}},"12":{"start":{"line":81,"column":0},"end":{"line":81,"column":null}},"13":{"start":{"line":82,"column":0},"end":{"line":84,"column":null}},"14":{"start":{"line":83,"column":0},"end":{"line":83,"column":null}},"15":{"start":{"line":86,"column":0},"end":{"line":86,"column":null}},"16":{"start":{"line":87,"column":0},"end":{"line":89,"column":null}},"17":{"start":{"line":88,"column":0},"end":{"line":88,"column":null}}},"fnMap":{"0":{"name":"(anonymous_1)","decl":{"start":{"line":36,"column":0},"end":{"line":36,"column":null}},"loc":{"start":{"line":36,"column":0},"end":{"line":42,"column":null}}},"1":{"name":"(anonymous_2)","decl":{"start":{"line":53,"column":0},"end":{"line":53,"column":null}},"loc":{"start":{"line":53,"column":0},"end":{"line":55,"column":null}}},"2":{"name":"(anonymous_3)","decl":{"start":{"line":56,"column":0},"end":{"line":56,"column":null}},"loc":{"start":{"line":56,"column":0},"end":{"line":58,"column":null}}},"3":{"name":"(anonymous_4)","decl":{"start":{"line":59,"column":0},"end":{"line":59,"column":null}},"loc":{"start":{"line":59,"column":0},"end":{"line":61,"column":null}}},"4":{"name":"(anonymous_5)","decl":{"start":{"line":68,"column":0},"end":{"line":68,"column":null}},"loc":{"start":{"line":68,"column":0},"end":{"line":70,"column":null}}},"5":{"name":"(anonymous_6)","decl":{"start":{"line":71,"column":0},"end":{"line":71,"column":null}},"loc":{"start":{"line":71,"column":0},"end":{"line":74,"column":null}}},"6":{"name":"(anonymous_7)","decl":{"start":{"line":77,"column":0},"end":{"line":77,"column":null}},"loc":{"start":{"line":77,"column":0},"end":{"line":90,"column":null}}}},"branchMap":{"0":{"loc":{"start":{"line":82,"column":0},"end":{"line":84,"column":null}},"type":"if","locations":[{"start":{"line":82,"column":0},"end":{"line":84,"column":null}},{"start":{"line":82,"column":0},"end":{"line":84,"column":null}}]},"1":{"loc":{"start":{"line":87,"column":0},"end":{"line":89,"column":null}},"type":"if","locations":[{"start":{"line":87,"column":0},"end":{"line":89,"column":null}},{"start":{"line":87,"column":0},"end":{"line":89,"column":null}}]}},"s":{"0":0,"1":0,"2":0,"3":0,"4":0,"5":0,"6":0,"7":0,"8":0,"9":0,"10":0,"11":0,"12":0,"13":0,"14":0,"15":0,"16":0,"17":0},"f":{"0":0,"1":0,"2":0,"3":0,"4":0,"5":0,"6":0},"b":{"0":[0,0],"1":[0,0]}}
,"C:\\gb\\gb_vue\\gb_vue_project\\src\\plugins\\Edit\\index.js": {"path":"C:\\gb\\gb_vue\\gb_vue_project\\src\\plugins\\Edit\\index.js","statementMap":{"0":{"start":{"line":4,"column":4},"end":{"line":6,"column":5}},"1":{"start":{"line":5,"column":6},"end":{"line":5,"column":12}},"2":{"start":{"line":8,"column":4},"end":{"line":8,"column":25}},"3":{"start":{"line":10,"column":4},"end":{"line":19,"column":5}},"4":{"start":{"line":13,"column":8},"end":{"line":13,"column":45}},"5":{"start":{"line":16,"column":8},"end":{"line":16,"column":47}},"6":{"start":{"line":17,"column":8},"end":{"line":17,"column":40}}},"fnMap":{"0":{"name":"(anonymous_0)","decl":{"start":{"line":2,"column":2},"end":{"line":2,"column":3}},"loc":{"start":{"line":2,"column":15},"end":{"line":20,"column":3}},"line":2},"1":{"name":"(anonymous_1)","decl":{"start":{"line":12,"column":6},"end":{"line":12,"column":7}},"loc":{"start":{"line":12,"column":21},"end":{"line":14,"column":7}},"line":12},"2":{"name":"(anonymous_2)","decl":{"start":{"line":15,"column":6},"end":{"line":15,"column":7}},"loc":{"start":{"line":15,"column":23},"end":{"line":18,"column":7}},"line":15}},"branchMap":{"0":{"loc":{"start":{"line":4,"column":4},"end":{"line":6,"column":5}},"type":"if","locations":[{"start":{"line":4,"column":4},"end":{"line":6,"column":5}},{"start":{"line":4,"column":4},"end":{"line":6,"column":5}}],"line":4}},"s":{"0":0,"1":0,"2":0,"3":0,"4":0,"5":0,"6":0},"f":{"0":0,"1":0,"2":0},"b":{"0":[0,0]}}
,"C:\\gb\\gb_vue\\gb_vue_project\\src\\plugins\\Modal\\index.js": {"path":"C:\\gb\\gb_vue\\gb_vue_project\\src\\plugins\\Modal\\index.js","statementMap":{"0":{"start":{"line":4,"column":4},"end":{"line":6,"column":5}},"1":{"start":{"line":5,"column":6},"end":{"line":5,"column":12}},"2":{"start":{"line":8,"column":4},"end":{"line":8,"column":25}},"3":{"start":{"line":10,"column":4},"end":{"line":18,"column":5}},"4":{"start":{"line":13,"column":8},"end":{"line":13,"column":58}},"5":{"start":{"line":16,"column":8},"end":{"line":16,"column":35}}},"fnMap":{"0":{"name":"(anonymous_0)","decl":{"start":{"line":2,"column":2},"end":{"line":2,"column":3}},"loc":{"start":{"line":2,"column":15},"end":{"line":19,"column":3}},"line":2},"1":{"name":"(anonymous_1)","decl":{"start":{"line":12,"column":6},"end":{"line":12,"column":7}},"loc":{"start":{"line":12,"column":27},"end":{"line":14,"column":7}},"line":12},"2":{"name":"(anonymous_2)","decl":{"start":{"line":15,"column":6},"end":{"line":15,"column":7}},"loc":{"start":{"line":15,"column":13},"end":{"line":17,"column":7}},"line":15}},"branchMap":{"0":{"loc":{"start":{"line":4,"column":4},"end":{"line":6,"column":5}},"type":"if","locations":[{"start":{"line":4,"column":4},"end":{"line":6,"column":5}},{"start":{"line":4,"column":4},"end":{"line":6,"column":5}}],"line":4}},"s":{"0":0,"1":0,"2":0,"3":0,"4":0,"5":0},"f":{"0":0,"1":0,"2":0},"b":{"0":[0,0]}}
,"C:\\gb\\gb_vue\\gb_vue_project\\src\\router\\index.js": {"path":"C:\\gb\\gb_vue\\gb_vue_project\\src\\router\\index.js","statementMap":{"0":{"start":{"line":4,"column":0},"end":{"line":4,"column":15}},"1":{"start":{"line":6,"column":15},"end":{"line":54,"column":2}},"2":{"start":{"line":11,"column":23},"end":{"line":11,"column":77}},"3":{"start":{"line":16,"column":23},"end":{"line":16,"column":85}},"4":{"start":{"line":21,"column":23},"end":{"line":21,"column":85}},"5":{"start":{"line":26,"column":23},"end":{"line":26,"column":85}},"6":{"start":{"line":31,"column":23},"end":{"line":31,"column":85}},"7":{"start":{"line":36,"column":23},"end":{"line":36,"column":77}},"8":{"start":{"line":41,"column":23},"end":{"line":41,"column":81}},"9":{"start":{"line":46,"column":23},"end":{"line":46,"column":77}},"10":{"start":{"line":51,"column":23},"end":{"line":51,"column":77}},"11":{"start":{"line":56,"column":15},"end":{"line":56,"column":19}},"12":{"start":{"line":58,"column":0},"end":{"line":64,"column":2}},"13":{"start":{"line":59,"column":2},"end":{"line":63,"column":3}},"14":{"start":{"line":60,"column":4},"end":{"line":60,"column":27}},"15":{"start":{"line":62,"column":4},"end":{"line":62,"column":10}},"16":{"start":{"line":66,"column":28},"end":{"line":73,"column":1}},"17":{"start":{"line":67,"column":2},"end":{"line":72,"column":14}},"18":{"start":{"line":75,"column":0},"end":{"line":78,"column":2}},"19":{"start":{"line":76,"column":2},"end":{"line":76,"column":47}}},"fnMap":{"0":{"name":"(anonymous_0)","decl":{"start":{"line":11,"column":17},"end":{"line":11,"column":18}},"loc":{"start":{"line":11,"column":23},"end":{"line":11,"column":77}},"line":11},"1":{"name":"(anonymous_1)","decl":{"start":{"line":16,"column":17},"end":{"line":16,"column":18}},"loc":{"start":{"line":16,"column":23},"end":{"line":16,"column":85}},"line":16},"2":{"name":"(anonymous_2)","decl":{"start":{"line":21,"column":17},"end":{"line":21,"column":18}},"loc":{"start":{"line":21,"column":23},"end":{"line":21,"column":85}},"line":21},"3":{"name":"(anonymous_3)","decl":{"start":{"line":26,"column":17},"end":{"line":26,"column":18}},"loc":{"start":{"line":26,"column":23},"end":{"line":26,"column":85}},"line":26},"4":{"name":"(anonymous_4)","decl":{"start":{"line":31,"column":17},"end":{"line":31,"column":18}},"loc":{"start":{"line":31,"column":23},"end":{"line":31,"column":85}},"line":31},"5":{"name":"(anonymous_5)","decl":{"start":{"line":36,"column":17},"end":{"line":36,"column":18}},"loc":{"start":{"line":36,"column":23},"end":{"line":36,"column":77}},"line":36},"6":{"name":"(anonymous_6)","decl":{"start":{"line":41,"column":17},"end":{"line":41,"column":18}},"loc":{"start":{"line":41,"column":23},"end":{"line":41,"column":81}},"line":41},"7":{"name":"(anonymous_7)","decl":{"start":{"line":46,"column":17},"end":{"line":46,"column":18}},"loc":{"start":{"line":46,"column":23},"end":{"line":46,"column":77}},"line":46},"8":{"name":"(anonymous_8)","decl":{"start":{"line":51,"column":17},"end":{"line":51,"column":18}},"loc":{"start":{"line":51,"column":23},"end":{"line":51,"column":77}},"line":51},"9":{"name":"(anonymous_9)","decl":{"start":{"line":58,"column":18},"end":{"line":58,"column":19}},"loc":{"start":{"line":58,"column":38},"end":{"line":64,"column":1}},"line":58},"10":{"name":"(anonymous_10)","decl":{"start":{"line":66,"column":28},"end":{"line":66,"column":29}},"loc":{"start":{"line":66,"column":41},"end":{"line":73,"column":1}},"line":66},"11":{"name":"(anonymous_11)","decl":{"start":{"line":75,"column":17},"end":{"line":75,"column":18}},"loc":{"start":{"line":75,"column":25},"end":{"line":78,"column":1}},"line":75}},"branchMap":{"0":{"loc":{"start":{"line":59,"column":2},"end":{"line":63,"column":3}},"type":"if","locations":[{"start":{"line":59,"column":2},"end":{"line":63,"column":3}},{"start":{"line":59,"column":2},"end":{"line":63,"column":3}}],"line":59},"1":{"loc":{"start":{"line":59,"column":6},"end":{"line":59,"column":36}},"type":"binary-expr","locations":[{"start":{"line":59,"column":6},"end":{"line":59,"column":25}},{"start":{"line":59,"column":29},"end":{"line":59,"column":36}}],"line":59}},"s":{"0":0,"1":0,"2":0,"3":0,"4":0,"5":0,"6":0,"7":0,"8":0,"9":0,"10":0,"11":0,"12":0,"13":0,"14":0,"15":0,"16":0,"17":0,"18":0,"19":0},"f":{"0":0,"1":0,"2":0,"3":0,"4":0,"5":0,"6":0,"7":0,"8":0,"9":0,"10":0,"11":0},"b":{"0":[0,0],"1":[0,0]}}
,"C:\\gb\\gb_vue\\gb_vue_project\\src\\store\\index.js": {"path":"C:\\gb\\gb_vue\\gb_vue_project\\src\\store\\index.js","statementMap":{"0":{"start":{"line":4,"column":0},"end":{"line":4,"column":13}},"1":{"start":{"line":14,"column":6},"end":{"line":14,"column":34}},"2":{"start":{"line":17,"column":6},"end":{"line":17,"column":38}},"3":{"start":{"line":20,"column":6},"end":{"line":20,"column":58}},"4":{"start":{"line":21,"column":6},"end":{"line":21,"column":64}},"5":{"start":{"line":22,"column":6},"end":{"line":22,"column":56}},"6":{"start":{"line":25,"column":6},"end":{"line":25,"column":43}},"7":{"start":{"line":26,"column":6},"end":{"line":28,"column":7}},"8":{"start":{"line":26,"column":19},"end":{"line":26,"column":20}},"9":{"start":{"line":27,"column":8},"end":{"line":27,"column":40}},"10":{"start":{"line":31,"column":6},"end":{"line":31,"column":32}},"11":{"start":{"line":34,"column":6},"end":{"line":34,"column":49}},"12":{"start":{"line":40,"column":30},"end":{"line":40,"column":48}},"13":{"start":{"line":43,"column":6},"end":{"line":43,"column":72}},"14":{"start":{"line":43,"column":53},"end":{"line":43,"column":68}},"15":{"start":{"line":46,"column":28},"end":{"line":46,"column":44}},"16":{"start":{"line":52,"column":6},"end":{"line":52,"column":48}},"17":{"start":{"line":52,"column":42},"end":{"line":52,"column":48}},"18":{"start":{"line":53,"column":6},"end":{"line":67,"column":56}},"19":{"start":{"line":54,"column":8},"end":{"line":65,"column":17}},"20":{"start":{"line":55,"column":24},"end":{"line":55,"column":26}},"21":{"start":{"line":56,"column":10},"end":{"line":63,"column":11}},"22":{"start":{"line":56,"column":23},"end":{"line":56,"column":24}},"23":{"start":{"line":57,"column":12},"end":{"line":62,"column":14}},"24":{"start":{"line":64,"column":10},"end":{"line":64,"column":24}},"25":{"start":{"line":67,"column":21},"end":{"line":67,"column":55}},"26":{"start":{"line":71,"column":6},"end":{"line":76,"column":58}},"27":{"start":{"line":72,"column":27},"end":{"line":72,"column":97}},"28":{"start":{"line":73,"column":8},"end":{"line":73,"column":46}},"29":{"start":{"line":74,"column":8},"end":{"line":74,"column":27}},"30":{"start":{"line":76,"column":21},"end":{"line":76,"column":57}}},"fnMap":{"0":{"name":"(anonymous_0)","decl":{"start":{"line":13,"column":4},"end":{"line":13,"column":5}},"loc":{"start":{"line":13,"column":40},"end":{"line":15,"column":5}},"line":13},"1":{"name":"(anonymous_1)","decl":{"start":{"line":16,"column":4},"end":{"line":16,"column":5}},"loc":{"start":{"line":16,"column":42},"end":{"line":18,"column":5}},"line":16},"2":{"name":"(anonymous_2)","decl":{"start":{"line":19,"column":4},"end":{"line":19,"column":5}},"loc":{"start":{"line":19,"column":45},"end":{"line":23,"column":5}},"line":19},"3":{"name":"(anonymous_3)","decl":{"start":{"line":24,"column":4},"end":{"line":24,"column":5}},"loc":{"start":{"line":24,"column":47},"end":{"line":29,"column":5}},"line":24},"4":{"name":"(anonymous_4)","decl":{"start":{"line":30,"column":4},"end":{"line":30,"column":5}},"loc":{"start":{"line":30,"column":42},"end":{"line":32,"column":5}},"line":30},"5":{"name":"(anonymous_5)","decl":{"start":{"line":33,"column":4},"end":{"line":33,"column":5}},"loc":{"start":{"line":33,"column":44},"end":{"line":35,"column":5}},"line":33},"6":{"name":"(anonymous_6)","decl":{"start":{"line":40,"column":21},"end":{"line":40,"column":22}},"loc":{"start":{"line":40,"column":30},"end":{"line":40,"column":48}},"line":40},"7":{"name":"(anonymous_7)","decl":{"start":{"line":42,"column":26},"end":{"line":42,"column":27}},"loc":{"start":{"line":42,"column":35},"end":{"line":44,"column":5}},"line":42},"8":{"name":"(anonymous_8)","decl":{"start":{"line":43,"column":39},"end":{"line":43,"column":40}},"loc":{"start":{"line":43,"column":53},"end":{"line":43,"column":68}},"line":43},"9":{"name":"(anonymous_9)","decl":{"start":{"line":46,"column":19},"end":{"line":46,"column":20}},"loc":{"start":{"line":46,"column":28},"end":{"line":46,"column":44}},"line":46},"10":{"name":"(anonymous_10)","decl":{"start":{"line":51,"column":4},"end":{"line":51,"column":5}},"loc":{"start":{"line":51,"column":26},"end":{"line":68,"column":5}},"line":51},"11":{"name":"(anonymous_11)","decl":{"start":{"line":53,"column":25},"end":{"line":53,"column":26}},"loc":{"start":{"line":53,"column":38},"end":{"line":66,"column":7}},"line":53},"12":{"name":"(anonymous_12)","decl":{"start":{"line":54,"column":19},"end":{"line":54,"column":20}},"loc":{"start":{"line":54,"column":25},"end":{"line":65,"column":9}},"line":54},"13":{"name":"(anonymous_13)","decl":{"start":{"line":67,"column":14},"end":{"line":67,"column":15}},"loc":{"start":{"line":67,"column":21},"end":{"line":67,"column":55}},"line":67},"14":{"name":"(anonymous_14)","decl":{"start":{"line":70,"column":4},"end":{"line":70,"column":5}},"loc":{"start":{"line":70,"column":34},"end":{"line":77,"column":5}},"line":70},"15":{"name":"(anonymous_15)","decl":{"start":{"line":71,"column":25},"end":{"line":71,"column":26}},"loc":{"start":{"line":71,"column":38},"end":{"line":75,"column":7}},"line":71},"16":{"name":"(anonymous_16)","decl":{"start":{"line":76,"column":14},"end":{"line":76,"column":15}},"loc":{"start":{"line":76,"column":21},"end":{"line":76,"column":57}},"line":76}},"branchMap":{"0":{"loc":{"start":{"line":52,"column":6},"end":{"line":52,"column":48}},"type":"if","locations":[{"start":{"line":52,"column":6},"end":{"line":52,"column":48}},{"start":{"line":52,"column":6},"end":{"line":52,"column":48}}],"line":52}},"s":{"0":0,"1":0,"2":0,"3":0,"4":0,"5":0,"6":0,"7":0,"8":0,"9":0,"10":0,"11":0,"12":0,"13":0,"14":0,"15":0,"16":0,"17":0,"18":0,"19":0,"20":0,"21":0,"22":0,"23":0,"24":0,"25":0,"26":0,"27":0,"28":0,"29":0,"30":0},"f":{"0":0,"1":0,"2":0,"3":0,"4":0,"5":0,"6":0,"7":0,"8":0,"9":0,"10":0,"11":0,"12":0,"13":0,"14":0,"15":0,"16":0},"b":{"0":[0,0]}}
}
